2025-12-17T17:49:37.030+05:30  INFO 20172 --- [demo] [main] ck.test.demo.DemoApplication             : Starting DemoApplication using Java 17.0.17 with PID 20172 (/home/chandan/Downloads/demo/target/classes started by chandan in /home/chandan/Downloads/demo)
2025-12-17T17:49:37.050+05:30  INFO 20172 --- [demo] [main] ck.test.demo.DemoApplication             : No active profile set, falling back to 1 default profile: "default"
2025-12-17T17:49:39.497+05:30  INFO 20172 --- [demo] [main] .s.d.r.c.RepositoryConfigurationDelegate : Bootstrapping Spring Data JPA repositories in DEFAULT mode.
2025-12-17T17:49:39.629+05:30  INFO 20172 --- [demo] [main] .s.d.r.c.RepositoryConfigurationDelegate : Finished Spring Data repository scanning in 111 ms. Found 2 JPA repository interfaces.
2025-12-17T17:49:40.601+05:30  INFO 20172 --- [demo] [main] o.s.boot.tomcat.TomcatWebServer          : Tomcat initialized with port 8080 (http)
2025-12-17T17:49:40.625+05:30  INFO 20172 --- [demo] [main] o.apache.catalina.core.StandardService   : Starting service [Tomcat]
2025-12-17T17:49:40.625+05:30  INFO 20172 --- [demo] [main] o.apache.catalina.core.StandardEngine    : Starting Servlet engine: [Apache Tomcat/11.0.14]
2025-12-17T17:49:40.721+05:30  INFO 20172 --- [demo] [main] b.w.c.s.WebApplicationContextInitializer : Root WebApplicationContext: initialization completed in 3523 ms
2025-12-17T17:49:40.956+05:30  INFO 20172 --- [demo] [main] com.zaxxer.hikari.HikariDataSource       : HikariPool-1 - Starting...
2025-12-17T17:49:41.224+05:30  INFO 20172 --- [demo] [main] com.zaxxer.hikari.pool.HikariPool        : HikariPool-1 - Added connection com.mysql.cj.jdbc.ConnectionImpl@ab4aa5e
2025-12-17T17:49:41.227+05:30  INFO 20172 --- [demo] [main] com.zaxxer.hikari.HikariDataSource       : HikariPool-1 - Start completed.
2025-12-17T17:49:41.274+05:30  INFO 20172 --- [demo] [main] o.hibernate.jpa.internal.util.LogHelper  : HHH000204: Processing PersistenceUnitInfo [name: default]
2025-12-17T17:49:41.355+05:30  INFO 20172 --- [demo] [main] org.hibernate.Version                    : HHH000412: Hibernate ORM core version 7.1.8.Final
2025-12-17T17:49:42.106+05:30  INFO 20172 --- [demo] [main] o.s.o.j.p.SpringPersistenceUnitInfo      : No LoadTimeWeaver setup: ignoring JPA class transformer
2025-12-17T17:49:42.274+05:30  WARN 20172 --- [demo] [main] org.hibernate.orm.deprecation            : HHH90000025: MySQLDialect does not need to be specified explicitly using 'hibernate.dialect' (remove the property setting and it will be selected by default)
2025-12-17T17:49:42.298+05:30  INFO 20172 --- [demo] [main] org.hibernate.orm.connections.pooling    : HHH10001005: Database info:
	Database JDBC URL [jdbc:mysql://localhost:3306/sys?allowPublicKeyRetrieval=true&useSSL=false&serverTimezone=UTC]
	Database driver: MySQL Connector/J
	Database dialect: MySQLDialect
	Database version: 8.4.7
	Default catalog/schema: sys/undefined
	Autocommit mode: undefined/unknown
	Isolation level: REPEATABLE_READ [default REPEATABLE_READ]
	JDBC fetch size: none
	Pool: DatasourceConnectionProviderImpl
	Minimum pool size: undefined/unknown
	Maximum pool size: undefined/unknown
2025-12-17T17:49:44.171+05:30  INFO 20172 --- [demo] [main] o.h.e.t.j.p.i.JtaPlatformInitiator       : HHH000489: No JTA platform available (set 'hibernate.transaction.jta.platform' to enable JTA platform integration)
2025-12-17T17:49:44.189+05:30  INFO 20172 --- [demo] [main] j.LocalContainerEntityManagerFactoryBean : Initialized JPA EntityManagerFactory for persistence unit 'default'
2025-12-17T17:49:44.328+05:30  INFO 20172 --- [demo] [main] o.s.d.j.r.query.QueryEnhancerFactories   : Hibernate is in classpath; If applicable, HQL parser will be used.
2025-12-17T17:49:45.249+05:30  WARN 20172 --- [demo] [main] JpaBaseConfiguration$JpaWebConfiguration : spring.jpa.open-in-view is enabled by default. Therefore, database queries may be performed during view rendering. Explicitly configure spring.jpa.open-in-view to disable this warning
2025-12-17T17:49:46.237+05:30  INFO 20172 --- [demo] [main] o.s.boot.tomcat.TomcatWebServer          : Tomcat started on port 8080 (http) with context path '/'
2025-12-17T17:49:46.264+05:30  INFO 20172 --- [demo] [main] ck.test.demo.DemoApplication             : Started DemoApplication in 11.035 seconds (process running for 12.192)
2025-12-17T17:49:49.507+05:30  INFO 20172 --- [demo] [http-nio-8080-exec-1] o.a.c.c.C.[Tomcat].[localhost].[/]       : Initializing Spring DispatcherServlet 'dispatcherServlet'
2025-12-17T17:49:49.508+05:30  INFO 20172 --- [demo] [http-nio-8080-exec-1] o.s.web.servlet.DispatcherServlet        : Initializing Servlet 'dispatcherServlet'
2025-12-17T17:49:49.512+05:30  INFO 20172 --- [demo] [http-nio-8080-exec-1] o.s.web.servlet.DispatcherServlet        : Completed initialization in 4 ms
2025-12-17T19:25:10.074+05:30  INFO 20172 --- [demo] [SpringApplicationShutdownHook] o.s.boot.tomcat.GracefulShutdown         : Commencing graceful shutdown. Waiting for active requests to complete
2025-12-17T19:25:10.078+05:30  INFO 20172 --- [demo] [tomcat-shutdown] o.s.boot.tomcat.GracefulShutdown         : Graceful shutdown complete
2025-12-17T19:25:10.086+05:30  INFO 20172 --- [demo] [SpringApplicationShutdownHook] j.LocalContainerEntityManagerFactoryBean : Closing JPA EntityManagerFactory for persistence unit 'default'
2025-12-17T19:25:10.090+05:30  INFO 20172 --- [demo] [SpringApplicationShutdownHook] com.zaxxer.hikari.HikariDataSource       : HikariPool-1 - Shutdown initiated...
2025-12-17T19:25:10.098+05:30  INFO 20172 --- [demo] [SpringApplicationShutdownHook] com.zaxxer.hikari.HikariDataSource       : HikariPool-1 - Shutdown completed.
